<?xml version="1.0" encoding="UTF-8"?>
<!-- Generated by org.testng.reporters.JUnitXMLReporter -->
<testsuite hostname="arpc" ignored="0" name="Default test" tests="3" failures="0" timestamp="12 Aug 2019 11:50:51 GMT" time="49.012" errors="0">
  <testcase name="searchFlights" time="16.454" classname="com.qa.automation.testsuites.GoIbiboTest"/>
  <testcase name="searchResultsInDecreasingOrderOfCost" time="13.422" classname="com.qa.automation.testsuites.GoIbiboTest"/>
  <testcase name="verifyHomePage" time="1.547" classname="com.qa.automation.testsuites.GoIbiboTest"/>
</testsuite> <!-- Default test -->
