<?xml version="1.0" encoding="UTF-8"?>
<!-- Generated by org.testng.reporters.JUnitXMLReporter -->
<testsuite hostname="arpc" ignored="0" name="Default test" tests="3" failures="0" timestamp="13 Aug 2019 11:18:27 GMT" time="58.737" errors="0">
  <testcase name="searchFlights" time="19.006" classname="com.qa.automation.testsuites.GoIbiboTest"/>
  <testcase name="searchResultsInDecreasingOrderOfCost" time="13.478" classname="com.qa.automation.testsuites.GoIbiboTest"/>
  <testcase name="verifyHomePage" time="1.639" classname="com.qa.automation.testsuites.GoIbiboTest"/>
</testsuite> <!-- Default test -->
