<?xml version="1.0" encoding="UTF-8"?>
<testng-results skipped="0" failed="0" ignored="0" total="2" passed="2">
  <reporter-output>
  </reporter-output>
  <suite name="Default suite" duration-ms="18223" started-at="2019-08-09T11:41:04Z" finished-at="2019-08-09T11:41:22Z">
    <groups>
    </groups>
    <test name="Default test" duration-ms="18223" started-at="2019-08-09T11:41:04Z" finished-at="2019-08-09T11:41:22Z">
      <class name="com.qa.automation.testsuites.GoIbiboTest">
        <test-method status="PASS" signature="init()[pri:0, instance:com.qa.automation.testsuites.GoIbiboTest@21588809]" name="init" is-config="true" duration-ms="8603" started-at="2019-08-09T11:41:04Z" finished-at="2019-08-09T11:41:13Z">
          <reporter-output>
          </reporter-output>
        </test-method> <!-- init -->
        <test-method status="PASS" signature="searchFlights()[pri:0, instance:com.qa.automation.testsuites.GoIbiboTest@21588809]" name="searchFlights" duration-ms="5563" started-at="2019-08-09T11:41:14Z" finished-at="2019-08-09T11:41:19Z">
          <reporter-output>
          </reporter-output>
        </test-method> <!-- searchFlights -->
        <test-method status="PASS" signature="verifyHomePage()[pri:0, instance:com.qa.automation.testsuites.GoIbiboTest@21588809]" name="verifyHomePage" duration-ms="2791" started-at="2019-08-09T11:41:19Z" finished-at="2019-08-09T11:41:22Z">
          <reporter-output>
          </reporter-output>
        </test-method> <!-- verifyHomePage -->
        <test-method status="PASS" signature="closeBrowser()[pri:0, instance:com.qa.automation.testsuites.GoIbiboTest@21588809]" name="closeBrowser" is-config="true" duration-ms="0" started-at="2019-08-09T11:41:22Z" finished-at="2019-08-09T11:41:22Z">
          <reporter-output>
          </reporter-output>
        </test-method> <!-- closeBrowser -->
      </class> <!-- com.qa.automation.testsuites.GoIbiboTest -->
    </test> <!-- Default test -->
  </suite> <!-- Default suite -->
</testng-results>
